<?xml version="1.0" encoding="UTF-8"?>
<coverage generated="1762599849709" clover="3.2.0">
  <project timestamp="1762599849710" name="All files">
    <metrics statements="52" coveredstatements="47" conditionals="9" coveredconditionals="9" methods="13" coveredmethods="11" elements="74" coveredelements="67" complexity="0" loc="52" ncloc="52" packages="1" files="2" classes="2"/>
    <file name="charge.js" path="/home/user/microservices-demo/src/paymentservice/charge.js">
      <metrics statements="23" coveredstatements="23" conditionals="8" coveredconditionals="8" methods="6" coveredmethods="6"/>
      <line num="15" count="1" type="stmt"/>
      <line num="16" count="1" type="stmt"/>
      <line num="17" count="1" type="stmt"/>
      <line num="19" count="1" type="stmt"/>
      <line num="24" count="6" type="stmt"/>
      <line num="32" count="8" type="stmt"/>
      <line num="33" count="8" type="stmt"/>
      <line num="39" count="2" type="stmt"/>
      <line num="45" count="3" type="stmt"/>
      <line num="51" count="3" type="stmt"/>
      <line num="61" count="1" type="stmt"/>
      <line num="62" count="20" type="stmt"/>
      <line num="63" count="20" type="stmt"/>
      <line num="64" count="20" type="stmt"/>
      <line num="68" count="20" type="stmt"/>
      <line num="70" count="19" type="cond" truecount="2" falsecount="0"/>
      <line num="74" count="17" type="cond" truecount="4" falsecount="0"/>
      <line num="77" count="14" type="stmt"/>
      <line num="78" count="14" type="stmt"/>
      <line num="79" count="14" type="stmt"/>
      <line num="80" count="14" type="cond" truecount="2" falsecount="0"/>
      <line num="82" count="11" type="stmt"/>
      <line num="85" count="11" type="stmt"/>
    </file>
    <file name="server.js" path="/home/user/microservices-demo/src/paymentservice/server.js">
      <metrics statements="29" coveredstatements="24" conditionals="1" coveredconditionals="1" methods="7" coveredmethods="5"/>
      <line num="15" count="1" type="stmt"/>
      <line num="16" count="1" type="stmt"/>
      <line num="17" count="1" type="stmt"/>
      <line num="19" count="1" type="stmt"/>
      <line num="21" count="1" type="stmt"/>
      <line num="25" count="12" type="stmt"/>
      <line num="27" count="12" type="stmt"/>
      <line num="32" count="12" type="stmt"/>
      <line num="33" count="12" type="stmt"/>
      <line num="42" count="3" type="stmt"/>
      <line num="43" count="3" type="stmt"/>
      <line num="44" count="3" type="stmt"/>
      <line num="45" count="2" type="stmt"/>
      <line num="47" count="1" type="stmt"/>
      <line num="48" count="1" type="stmt"/>
      <line num="53" count="2" type="stmt"/>
      <line num="58" count="0" type="stmt"/>
      <line num="59" count="0" type="stmt"/>
      <line num="60" count="0" type="stmt"/>
      <line num="64" count="0" type="stmt"/>
      <line num="65" count="0" type="stmt"/>
      <line num="71" count="25" type="stmt"/>
      <line num="81" count="25" type="stmt"/>
      <line num="85" count="12" type="stmt"/>
      <line num="86" count="12" type="stmt"/>
      <line num="88" count="12" type="stmt"/>
      <line num="95" count="12" type="stmt"/>
      <line num="104" count="1" type="stmt"/>
      <line num="106" count="1" type="stmt"/>
    </file>
  </project>
</coverage>
