{"/home/user/microservices-demo/src/paymentservice/charge.js": {"path":"/home/user/microservices-demo/src/paymentservice/charge.js","statementMap":{"0":{"start":{"line":15,"column":22},"end":{"line":15,"column":54}},"1":{"start":{"line":16,"column":23},"end":{"line":16,"column":38}},"2":{"start":{"line":17,"column":13},"end":{"line":17,"column":28}},"3":{"start":{"line":19,"column":15},"end":{"line":27,"column":2}},"4":{"start":{"line":24,"column":6},"end":{"line":24,"column":41}},"5":{"start":{"line":32,"column":4},"end":{"line":32,"column":19}},"6":{"start":{"line":33,"column":4},"end":{"line":33,"column":20}},"7":{"start":{"line":39,"column":4},"end":{"line":39,"column":41}},"8":{"start":{"line":45,"column":4},"end":{"line":45,"column":101}},"9":{"start":{"line":51,"column":4},"end":{"line":51,"column":88}},"10":{"start":{"line":61,"column":0},"end":{"line":86,"column":2}},"11":{"start":{"line":62,"column":46},"end":{"line":62,"column":53}},"12":{"start":{"line":63,"column":21},"end":{"line":63,"column":50}},"13":{"start":{"line":64,"column":19},"end":{"line":64,"column":44}},"14":{"start":{"line":68,"column":6},"end":{"line":68,"column":31}},"15":{"start":{"line":70,"column":2},"end":{"line":70,"column":48}},"16":{"start":{"line":70,"column":16},"end":{"line":70,"column":46}},"17":{"start":{"line":74,"column":2},"end":{"line":74,"column":104}},"18":{"start":{"line":74,"column":61},"end":{"line":74,"column":102}},"19":{"start":{"line":77,"column":23},"end":{"line":77,"column":48}},"20":{"start":{"line":78,"column":22},"end":{"line":78,"column":46}},"21":{"start":{"line":79,"column":85},"end":{"line":79,"column":95}},"22":{"start":{"line":80,"column":2},"end":{"line":80,"column":137}},"23":{"start":{"line":80,"column":65},"end":{"line":80,"column":135}},"24":{"start":{"line":82,"column":2},"end":{"line":83,"column":69}},"25":{"start":{"line":85,"column":2},"end":{"line":85,"column":38}}},"fnMap":{"0":{"name":"(anonymous_0)","decl":{"start":{"line":23,"column":4},"end":{"line":23,"column":5}},"loc":{"start":{"line":23,"column":40},"end":{"line":25,"column":5}},"line":23},"1":{"name":"(anonymous_1)","decl":{"start":{"line":31,"column":2},"end":{"line":31,"column":3}},"loc":{"start":{"line":31,"column":24},"end":{"line":34,"column":3}},"line":31},"2":{"name":"(anonymous_2)","decl":{"start":{"line":38,"column":2},"end":{"line":38,"column":3}},"loc":{"start":{"line":38,"column":25},"end":{"line":40,"column":3}},"line":38},"3":{"name":"(anonymous_3)","decl":{"start":{"line":44,"column":2},"end":{"line":44,"column":3}},"loc":{"start":{"line":44,"column":25},"end":{"line":46,"column":3}},"line":44},"4":{"name":"(anonymous_4)","decl":{"start":{"line":50,"column":2},"end":{"line":50,"column":3}},"loc":{"start":{"line":50,"column":36},"end":{"line":52,"column":3}},"line":50},"5":{"name":"charge","decl":{"start":{"line":61,"column":26},"end":{"line":61,"column":32}},"loc":{"start":{"line":61,"column":43},"end":{"line":86,"column":1}},"line":61}},"branchMap":{"0":{"loc":{"start":{"line":70,"column":2},"end":{"line":70,"column":48}},"type":"if","locations":[{"start":{"line":70,"column":2},"end":{"line":70,"column":48}},{"start":{},"end":{}}],"line":70},"1":{"loc":{"start":{"line":74,"column":2},"end":{"line":74,"column":104}},"type":"if","locations":[{"start":{"line":74,"column":2},"end":{"line":74,"column":104}},{"start":{},"end":{}}],"line":74},"2":{"loc":{"start":{"line":74,"column":8},"end":{"line":74,"column":56}},"type":"binary-expr","locations":[{"start":{"line":74,"column":8},"end":{"line":74,"column":27}},{"start":{"line":74,"column":31},"end":{"line":74,"column":56}}],"line":74},"3":{"loc":{"start":{"line":80,"column":2},"end":{"line":80,"column":137}},"type":"if","locations":[{"start":{"line":80,"column":2},"end":{"line":80,"column":137}},{"start":{},"end":{}}],"line":80}},"s":{"0":1,"1":1,"2":1,"3":1,"4":6,"5":8,"6":8,"7":2,"8":3,"9":3,"10":1,"11":20,"12":20,"13":20,"14":20,"15":19,"16":2,"17":17,"18":3,"19":14,"20":14,"21":14,"22":14,"23":3,"24":11,"25":11},"f":{"0":6,"1":8,"2":2,"3":3,"4":3,"5":20},"b":{"0":[2,17],"1":[3,14],"2":[17,6],"3":[3,11]},"_coverageSchema":"1a1c01bbd47fc00a2c39e90264f33305004495a9","hash":"dae05d7e3983999614ecc2229c2bca043e398244"}
,"/home/user/microservices-demo/src/paymentservice/server.js": {"path":"/home/user/microservices-demo/src/paymentservice/server.js","statementMap":{"0":{"start":{"line":15,"column":13},"end":{"line":15,"column":28}},"1":{"start":{"line":16,"column":13},"end":{"line":16,"column":37}},"2":{"start":{"line":17,"column":20},"end":{"line":17,"column":49}},"3":{"start":{"line":19,"column":15},"end":{"line":19,"column":34}},"4":{"start":{"line":21,"column":15},"end":{"line":21,"column":34}},"5":{"start":{"line":25,"column":4},"end":{"line":25,"column":21}},"6":{"start":{"line":27,"column":4},"end":{"line":30,"column":6}},"7":{"start":{"line":32,"column":4},"end":{"line":32,"column":36}},"8":{"start":{"line":33,"column":4},"end":{"line":33,"column":34}},"9":{"start":{"line":42,"column":4},"end":{"line":49,"column":5}},"10":{"start":{"line":43,"column":6},"end":{"line":43,"column":96}},"11":{"start":{"line":44,"column":23},"end":{"line":44,"column":43}},"12":{"start":{"line":45,"column":6},"end":{"line":45,"column":31}},"13":{"start":{"line":47,"column":6},"end":{"line":47,"column":24}},"14":{"start":{"line":48,"column":6},"end":{"line":48,"column":20}},"15":{"start":{"line":53,"column":4},"end":{"line":53,"column":42}},"16":{"start":{"line":58,"column":19},"end":{"line":58,"column":30}},"17":{"start":{"line":59,"column":17},"end":{"line":59,"column":26}},"18":{"start":{"line":60,"column":4},"end":{"line":67,"column":6}},"19":{"start":{"line":64,"column":8},"end":{"line":64,"column":74}},"20":{"start":{"line":65,"column":8},"end":{"line":65,"column":23}},"21":{"start":{"line":71,"column":30},"end":{"line":80,"column":5}},"22":{"start":{"line":81,"column":4},"end":{"line":81,"column":57}},"23":{"start":{"line":85,"column":31},"end":{"line":85,"column":68}},"24":{"start":{"line":86,"column":26},"end":{"line":86,"column":61}},"25":{"start":{"line":88,"column":4},"end":{"line":93,"column":6}},"26":{"start":{"line":95,"column":4},"end":{"line":100,"column":6}},"27":{"start":{"line":104,"column":0},"end":{"line":104,"column":42}},"28":{"start":{"line":106,"column":0},"end":{"line":106,"column":35}}},"fnMap":{"0":{"name":"(anonymous_0)","decl":{"start":{"line":24,"column":2},"end":{"line":24,"column":3}},"loc":{"start":{"line":24,"column":56},"end":{"line":34,"column":3}},"line":24},"1":{"name":"(anonymous_1)","decl":{"start":{"line":41,"column":2},"end":{"line":41,"column":3}},"loc":{"start":{"line":41,"column":46},"end":{"line":50,"column":3}},"line":41},"2":{"name":"(anonymous_2)","decl":{"start":{"line":52,"column":2},"end":{"line":52,"column":3}},"loc":{"start":{"line":52,"column":38},"end":{"line":54,"column":3}},"line":52},"3":{"name":"(anonymous_3)","decl":{"start":{"line":57,"column":2},"end":{"line":57,"column":3}},"loc":{"start":{"line":57,"column":11},"end":{"line":68,"column":3}},"line":57},"4":{"name":"(anonymous_4)","decl":{"start":{"line":63,"column":6},"end":{"line":63,"column":7}},"loc":{"start":{"line":63,"column":18},"end":{"line":66,"column":7}},"line":63},"5":{"name":"(anonymous_5)","decl":{"start":{"line":70,"column":2},"end":{"line":70,"column":3}},"loc":{"start":{"line":70,"column":18},"end":{"line":82,"column":3}},"line":70},"6":{"name":"(anonymous_6)","decl":{"start":{"line":84,"column":2},"end":{"line":84,"column":3}},"loc":{"start":{"line":84,"column":27},"end":{"line":101,"column":3}},"line":84}},"branchMap":{"0":{"loc":{"start":{"line":24,"column":25},"end":{"line":24,"column":54}},"type":"default-arg","locations":[{"start":{"line":24,"column":32},"end":{"line":24,"column":54}}],"line":24}},"s":{"0":1,"1":1,"2":1,"3":1,"4":1,"5":12,"6":12,"7":12,"8":12,"9":3,"10":3,"11":3,"12":2,"13":1,"14":1,"15":2,"16":0,"17":0,"18":0,"19":0,"20":0,"21":25,"22":25,"23":12,"24":12,"25":12,"26":12,"27":1,"28":1},"f":{"0":12,"1":3,"2":2,"3":0,"4":0,"5":25,"6":12},"b":{"0":[1]},"_coverageSchema":"1a1c01bbd47fc00a2c39e90264f33305004495a9","hash":"88f0b61351e233ebefe0b6b56af47ade818bec28"}
}
