TN:
SF:charge.js
FN:23,(anonymous_0)
FN:31,(anonymous_1)
FN:38,(anonymous_2)
FN:44,(anonymous_3)
FN:50,(anonymous_4)
FN:61,charge
FNF:6
FNH:6
FNDA:6,(anonymous_0)
FNDA:8,(anonymous_1)
FNDA:2,(anonymous_2)
FNDA:3,(anonymous_3)
FNDA:3,(anonymous_4)
FNDA:20,charge
DA:15,1
DA:16,1
DA:17,1
DA:19,1
DA:24,6
DA:32,8
DA:33,8
DA:39,2
DA:45,3
DA:51,3
DA:61,1
DA:62,20
DA:63,20
DA:64,20
DA:68,20
DA:70,19
DA:74,17
DA:77,14
DA:78,14
DA:79,14
DA:80,14
DA:82,11
DA:85,11
LF:23
LH:23
BRDA:70,0,0,2
BRDA:70,0,1,17
BRDA:74,1,0,3
BRDA:74,1,1,14
BRDA:74,2,0,17
BRDA:74,2,1,6
BRDA:80,3,0,3
BRDA:80,3,1,11
BRF:8
BRH:8
end_of_record
TN:
SF:server.js
FN:24,(anonymous_0)
FN:41,(anonymous_1)
FN:52,(anonymous_2)
FN:57,(anonymous_3)
FN:63,(anonymous_4)
FN:70,(anonymous_5)
FN:84,(anonymous_6)
FNF:7
FNH:5
FNDA:12,(anonymous_0)
FNDA:3,(anonymous_1)
FNDA:2,(anonymous_2)
FNDA:0,(anonymous_3)
FNDA:0,(anonymous_4)
FNDA:25,(anonymous_5)
FNDA:12,(anonymous_6)
DA:15,1
DA:16,1
DA:17,1
DA:19,1
DA:21,1
DA:25,12
DA:27,12
DA:32,12
DA:33,12
DA:42,3
DA:43,3
DA:44,3
DA:45,2
DA:47,1
DA:48,1
DA:53,2
DA:58,0
DA:59,0
DA:60,0
DA:64,0
DA:65,0
DA:71,25
DA:81,25
DA:85,12
DA:86,12
DA:88,12
DA:95,12
DA:104,1
DA:106,1
LF:29
LH:24
BRDA:24,0,0,1
BRF:1
BRH:1
end_of_record
