{"/home/user/microservices-demo/src/currencyservice/server.js": {"path":"/home/user/microservices-demo/src/currencyservice/server.js","statementMap":{"0":{"start":{"line":17,"column":13},"end":{"line":17,"column":28}},"1":{"start":{"line":18,"column":15},"end":{"line":26,"column":2}},"2":{"start":{"line":23,"column":6},"end":{"line":23,"column":41}},"3":{"start":{"line":28,"column":0},"end":{"line":39,"column":1}},"4":{"start":{"line":29,"column":2},"end":{"line":29,"column":35}},"5":{"start":{"line":32,"column":2},"end":{"line":32,"column":34}},"6":{"start":{"line":33,"column":2},"end":{"line":38,"column":5}},"7":{"start":{"line":43,"column":32},"end":{"line":43,"column":78}},"8":{"start":{"line":44,"column":37},"end":{"line":44,"column":78}},"9":{"start":{"line":46,"column":0},"end":{"line":48,"column":3}},"10":{"start":{"line":50,"column":0},"end":{"line":71,"column":1}},"11":{"start":{"line":51,"column":2},"end":{"line":51,"column":33}},"12":{"start":{"line":52,"column":33},"end":{"line":52,"column":73}},"13":{"start":{"line":53,"column":34},"end":{"line":53,"column":74}},"14":{"start":{"line":54,"column":32},"end":{"line":54,"column":76}},"15":{"start":{"line":55,"column":23},"end":{"line":55,"column":58}},"16":{"start":{"line":56,"column":41},"end":{"line":56,"column":87}},"17":{"start":{"line":58,"column":19},"end":{"line":62,"column":4}},"18":{"start":{"line":64,"column":23},"end":{"line":64,"column":57}},"19":{"start":{"line":66,"column":2},"end":{"line":66,"column":97}},"20":{"start":{"line":67,"column":2},"end":{"line":67,"column":22}},"21":{"start":{"line":70,"column":2},"end":{"line":70,"column":34}},"22":{"start":{"line":73,"column":13},"end":{"line":73,"column":28}},"23":{"start":{"line":74,"column":13},"end":{"line":74,"column":37}},"24":{"start":{"line":75,"column":20},"end":{"line":75,"column":49}},"25":{"start":{"line":77,"column":24},"end":{"line":77,"column":66}},"26":{"start":{"line":78,"column":26},"end":{"line":78,"column":85}},"27":{"start":{"line":80,"column":13},"end":{"line":80,"column":29}},"28":{"start":{"line":82,"column":18},"end":{"line":82,"column":57}},"29":{"start":{"line":83,"column":20},"end":{"line":83,"column":64}},"30":{"start":{"line":89,"column":28},"end":{"line":98,"column":3}},"31":{"start":{"line":99,"column":2},"end":{"line":99,"column":55}},"32":{"start":{"line":107,"column":15},"end":{"line":107,"column":57}},"33":{"start":{"line":108,"column":2},"end":{"line":108,"column":17}},"34":{"start":{"line":115,"column":23},"end":{"line":115,"column":38}},"35":{"start":{"line":116,"column":2},"end":{"line":116,"column":52}},"36":{"start":{"line":117,"column":2},"end":{"line":117,"column":84}},"37":{"start":{"line":118,"column":2},"end":{"line":118,"column":45}},"38":{"start":{"line":119,"column":2},"end":{"line":119,"column":16}},"39":{"start":{"line":126,"column":2},"end":{"line":126,"column":49}},"40":{"start":{"line":127,"column":2},"end":{"line":129,"column":5}},"41":{"start":{"line":128,"column":4},"end":{"line":128,"column":56}},"42":{"start":{"line":136,"column":2},"end":{"line":165,"column":3}},"43":{"start":{"line":137,"column":4},"end":{"line":161,"column":7}},"44":{"start":{"line":138,"column":22},"end":{"line":138,"column":34}},"45":{"start":{"line":141,"column":19},"end":{"line":141,"column":31}},"46":{"start":{"line":142,"column":20},"end":{"line":145,"column":8}},"47":{"start":{"line":147,"column":6},"end":{"line":147,"column":44}},"48":{"start":{"line":150,"column":21},"end":{"line":153,"column":8}},"49":{"start":{"line":155,"column":6},"end":{"line":155,"column":46}},"50":{"start":{"line":156,"column":6},"end":{"line":156,"column":46}},"51":{"start":{"line":157,"column":6},"end":{"line":157,"column":45}},"52":{"start":{"line":159,"column":6},"end":{"line":159,"column":51}},"53":{"start":{"line":160,"column":6},"end":{"line":160,"column":29}},"54":{"start":{"line":163,"column":4},"end":{"line":163,"column":54}},"55":{"start":{"line":164,"column":4},"end":{"line":164,"column":26}},"56":{"start":{"line":172,"column":2},"end":{"line":172,"column":40}},"57":{"start":{"line":180,"column":2},"end":{"line":180,"column":57}},"58":{"start":{"line":181,"column":17},"end":{"line":181,"column":34}},"59":{"start":{"line":182,"column":2},"end":{"line":182,"column":90}},"60":{"start":{"line":183,"column":2},"end":{"line":183,"column":57}},"61":{"start":{"line":185,"column":2},"end":{"line":192,"column":5}},"62":{"start":{"line":189,"column":6},"end":{"line":189,"column":73}},"63":{"start":{"line":190,"column":6},"end":{"line":190,"column":21}},"64":{"start":{"line":196,"column":0},"end":{"line":202,"column":2}},"65":{"start":{"line":205,"column":0},"end":{"line":207,"column":1}},"66":{"start":{"line":206,"column":2},"end":{"line":206,"column":9}}},"fnMap":{"0":{"name":"(anonymous_0)","decl":{"start":{"line":22,"column":4},"end":{"line":22,"column":5}},"loc":{"start":{"line":22,"column":40},"end":{"line":24,"column":5}},"line":22},"1":{"name":"_loadProto","decl":{"start":{"line":88,"column":9},"end":{"line":88,"column":19}},"loc":{"start":{"line":88,"column":27},"end":{"line":100,"column":1}},"line":88},"2":{"name":"_getCurrencyData","decl":{"start":{"line":106,"column":9},"end":{"line":106,"column":25}},"loc":{"start":{"line":106,"column":37},"end":{"line":109,"column":1}},"line":106},"3":{"name":"_carry","decl":{"start":{"line":114,"column":9},"end":{"line":114,"column":15}},"loc":{"start":{"line":114,"column":25},"end":{"line":120,"column":1}},"line":114},"4":{"name":"getSupportedCurrencies","decl":{"start":{"line":125,"column":9},"end":{"line":125,"column":31}},"loc":{"start":{"line":125,"column":49},"end":{"line":130,"column":1}},"line":125},"5":{"name":"(anonymous_5)","decl":{"start":{"line":127,"column":19},"end":{"line":127,"column":20}},"loc":{"start":{"line":127,"column":29},"end":{"line":129,"column":3}},"line":127},"6":{"name":"convert","decl":{"start":{"line":135,"column":9},"end":{"line":135,"column":16}},"loc":{"start":{"line":135,"column":34},"end":{"line":166,"column":1}},"line":135},"7":{"name":"(anonymous_7)","decl":{"start":{"line":137,"column":21},"end":{"line":137,"column":22}},"loc":{"start":{"line":137,"column":31},"end":{"line":161,"column":5}},"line":137},"8":{"name":"check","decl":{"start":{"line":171,"column":9},"end":{"line":171,"column":14}},"loc":{"start":{"line":171,"column":32},"end":{"line":173,"column":1}},"line":171},"9":{"name":"main","decl":{"start":{"line":179,"column":9},"end":{"line":179,"column":13}},"loc":{"start":{"line":179,"column":17},"end":{"line":193,"column":1}},"line":179},"10":{"name":"(anonymous_10)","decl":{"start":{"line":188,"column":4},"end":{"line":188,"column":5}},"loc":{"start":{"line":188,"column":15},"end":{"line":191,"column":5}},"line":188}},"branchMap":{"0":{"loc":{"start":{"line":28,"column":0},"end":{"line":39,"column":1}},"type":"if","locations":[{"start":{"line":28,"column":0},"end":{"line":39,"column":1}},{"start":{"line":31,"column":5},"end":{"line":39,"column":1}}],"line":28},"1":{"loc":{"start":{"line":50,"column":0},"end":{"line":71,"column":1}},"type":"if","locations":[{"start":{"line":50,"column":0},"end":{"line":71,"column":1}},{"start":{"line":69,"column":5},"end":{"line":71,"column":1}}],"line":50},"2":{"loc":{"start":{"line":60,"column":49},"end":{"line":60,"column":99}},"type":"binary-expr","locations":[{"start":{"line":60,"column":49},"end":{"line":60,"column":78}},{"start":{"line":60,"column":82},"end":{"line":60,"column":99}}],"line":60},"3":{"loc":{"start":{"line":205,"column":0},"end":{"line":207,"column":1}},"type":"if","locations":[{"start":{"line":205,"column":0},"end":{"line":207,"column":1}},{"start":{},"end":{}}],"line":205}},"s":{"0":1,"1":1,"2":6,"3":1,"4":1,"5":0,"6":0,"7":1,"8":1,"9":1,"10":1,"11":0,"12":0,"13":0,"14":0,"15":0,"16":0,"17":0,"18":0,"19":0,"20":0,"21":1,"22":1,"23":1,"24":1,"25":1,"26":1,"27":1,"28":1,"29":1,"30":2,"31":2,"32":16,"33":16,"34":26,"35":26,"36":26,"37":26,"38":26,"39":3,"40":3,"41":3,"42":10,"43":10,"44":10,"45":10,"46":10,"47":10,"48":10,"49":10,"50":10,"51":10,"52":10,"53":10,"54":0,"55":0,"56":1,"57":0,"58":0,"59":0,"60":0,"61":0,"62":0,"63":0,"64":1,"65":1,"66":0},"f":{"0":6,"1":2,"2":16,"3":26,"4":3,"5":3,"6":10,"7":10,"8":1,"9":0,"10":0},"b":{"0":[1,0],"1":[0,1],"2":[0,0],"3":[0,1]},"_coverageSchema":"1a1c01bbd47fc00a2c39e90264f33305004495a9","hash":"b20c2cd60e04a5ae5c692a9177704c8242796bfb"}
}
