TN:
SF:server.js
FN:22,(anonymous_0)
FN:88,_loadProto
FN:106,_getCurrencyData
FN:114,_carry
FN:125,getSupportedCurrencies
FN:127,(anonymous_5)
FN:135,convert
FN:137,(anonymous_7)
FN:171,check
FN:179,main
FN:188,(anonymous_10)
FNF:11
FNH:9
FNDA:6,(anonymous_0)
FNDA:2,_loadProto
FNDA:16,_getCurrencyData
FNDA:26,_carry
FNDA:3,getSupportedCurrencies
FNDA:3,(anonymous_5)
FNDA:10,convert
FNDA:10,(anonymous_7)
FNDA:1,check
FNDA:0,main
FNDA:0,(anonymous_10)
DA:17,1
DA:18,1
DA:23,6
DA:28,1
DA:29,1
DA:32,0
DA:33,0
DA:43,1
DA:44,1
DA:46,1
DA:50,1
DA:51,0
DA:52,0
DA:53,0
DA:54,0
DA:55,0
DA:56,0
DA:58,0
DA:64,0
DA:66,0
DA:67,0
DA:70,1
DA:73,1
DA:74,1
DA:75,1
DA:77,1
DA:78,1
DA:80,1
DA:82,1
DA:83,1
DA:89,2
DA:99,2
DA:107,16
DA:108,16
DA:115,26
DA:116,26
DA:117,26
DA:118,26
DA:119,26
DA:126,3
DA:127,3
DA:128,3
DA:136,10
DA:137,10
DA:138,10
DA:141,10
DA:142,10
DA:147,10
DA:150,10
DA:155,10
DA:156,10
DA:157,10
DA:159,10
DA:160,10
DA:163,0
DA:164,0
DA:172,1
DA:180,0
DA:181,0
DA:182,0
DA:183,0
DA:185,0
DA:189,0
DA:190,0
DA:196,1
DA:205,1
DA:206,0
LF:67
LH:45
BRDA:28,0,0,1
BRDA:28,0,1,0
BRDA:50,1,0,0
BRDA:50,1,1,1
BRDA:60,2,0,0
BRDA:60,2,1,0
BRDA:205,3,0,0
BRDA:205,3,1,1
BRF:8
BRH:3
end_of_record
